<?xml version="1.0" encoding="UTF-8"?>
<!-- Generated by org.testng.reporters.JUnitReportReporter -->
<testsuite hostname="DESKTOP-L46HBGL" failures="0" tests="4" name="testng1.Testng_priorityetc" time="0.009" errors="0" timestamp="2024-09-21T13:45:48 IST" skipped="0">
  <testcase classname="testng1.Testng_priorityetc" name="D" time="0.006"/>
  <system-out>
    <![CDATA[aman]]>
  </system-out>
  <testcase classname="testng1.Testng_priorityetc" name="C" time="0.001"/>
  <system-out>
    <![CDATA[hic]]>
  </system-out>
  <testcase classname="testng1.Testng_priorityetc" name="B" time="0.001"/>
  <system-out>
    <![CDATA[hib]]>
  </system-out>
  <testcase classname="testng1.Testng_priorityetc" name="A" time="0.001"/>
  <system-out>
    <![CDATA[hia]]>
  </system-out>
</testsuite> <!-- testng1.Testng_priorityetc -->
