<?xml version="1.0" encoding="UTF-8"?>
<!-- Generated by org.testng.reporters.JUnitReportReporter -->
<testsuite hostname="DESKTOP-L46HBGL" failures="0" tests="1" name="testng1.Testng1" time="0.006" errors="0" timestamp="2024-09-08T19:27:04 IST" skipped="0">
  <testcase classname="testng1.Testng1" name="test1" time="0.006"/>
  <system-out>
    <![CDATA[hi]]>
  </system-out>
</testsuite> <!-- testng1.Testng1 -->
